<?xml version="1.0" encoding="utf-8"?><testsuite errors="0" failures="0" name="pytest" skips="0" tests="9" time="35.054"><testcase classname="Test_Case.test_00_login_v2" file="Test_Case\test_00_login_v2.py" line="23" name="test_demo" time="0.003999948501586914"><system-out>类外方法
</system-out><system-err> Fri, 25 Jan 2019 16:48:31  INFO conftest.py init_session [ line:17 ] session����fixture------��ʼ------
 Fri, 25 Jan 2019 16:48:31  INFO conftest.py init_module [ line:23 ] module����fixture------��ʼ------
</system-err></testcase><testcase classname="Test_Case.test_00_login_v2.TestLogin" file="Test_Case\test_00_login_v2.py" line="34" name="test_login_error_form[data0]" time="6.179353952407837"><system-err> Fri, 25 Jan 2019 16:48:31  INFO conftest.py init_driver [ line:30 ] ��ʼ��chrome�����
 Fri, 25 Jan 2019 16:48:35  INFO conftest.py init_loginPage [ line:41 ] ִ�в�������,����ǰ�̴���¼ҳ��
 Fri, 25 Jan 2019 16:48:37  INFO test_00_login_v2.py test_login_error_form [ line:39 ] ��������_��¼����_{&apos;pwd&apos;: &apos;python&apos;, &apos;username&apos;: &apos;&apos;, &apos;check&apos;: &apos;�������ֻ���&apos;}
 Fri, 25 Jan 2019 16:48:37  INFO base_page.py wait_eleVisible [ line:33 ] �ȴ�Ԫ��:(��¼ҳ_login)
 Fri, 25 Jan 2019 16:48:37  INFO base_page.py wait_eleVisible [ line:38 ] �ȴ�Ԫ�سɹ�:��¼ҳ_login����ʱ:0.0370020866394043
 Fri, 25 Jan 2019 16:48:37  INFO base_page.py find_element [ line:46 ] ����Ԫ��:(��¼ҳ_login)
 Fri, 25 Jan 2019 16:48:37  INFO base_page.py clear_input_text [ line:66 ] ���������ı�:(��¼ҳ_login)
 Fri, 25 Jan 2019 16:48:37  INFO base_page.py clear_input_text [ line:69 ] ��������ɹ�:(��¼ҳ_login)
 Fri, 25 Jan 2019 16:48:37  INFO base_page.py find_element [ line:46 ] ����Ԫ��:(��¼ҳ_login)
 Fri, 25 Jan 2019 16:48:37  INFO base_page.py send_keys [ line:77 ] ��¼ҳ_login_�����ı�:
 Fri, 25 Jan 2019 16:48:37  INFO base_page.py send_keys [ line:80 ] ��¼ҳ_login_�����ı��ɹ�:
 Fri, 25 Jan 2019 16:48:37  INFO base_page.py wait_eleVisible [ line:33 ] �ȴ�Ԫ��:(��¼ҳ_login)
 Fri, 25 Jan 2019 16:48:37  INFO base_page.py wait_eleVisible [ line:38 ] �ȴ�Ԫ�سɹ�:��¼ҳ_login����ʱ:0.025002002716064453
 Fri, 25 Jan 2019 16:48:37  INFO base_page.py find_element [ line:46 ] ����Ԫ��:(��¼ҳ_login)
 Fri, 25 Jan 2019 16:48:37  INFO base_page.py clear_input_text [ line:66 ] ���������ı�:(��¼ҳ_login)
 Fri, 25 Jan 2019 16:48:37  INFO base_page.py clear_input_text [ line:69 ] ��������ɹ�:(��¼ҳ_login)
 Fri, 25 Jan 2019 16:48:37  INFO base_page.py find_element [ line:46 ] ����Ԫ��:(��¼ҳ_login)
 Fri, 25 Jan 2019 16:48:37  INFO base_page.py send_keys [ line:77 ] ��¼ҳ_login_�����ı�:python
 Fri, 25 Jan 2019 16:48:37  INFO base_page.py send_keys [ line:80 ] ��¼ҳ_login_�����ı��ɹ�:python
 Fri, 25 Jan 2019 16:48:37  INFO base_page.py click_element [ line:55 ] ���Ԫ��:(��¼ҳ_login)
 Fri, 25 Jan 2019 16:48:37  INFO base_page.py click_element [ line:58 ] ���Ԫ�سɹ�:(��¼ҳ_login)
 Fri, 25 Jan 2019 16:48:37  INFO base_page.py wait_eleVisible [ line:33 ] �ȴ�Ԫ��:(��¼ҳ_error_from_text)
 Fri, 25 Jan 2019 16:48:37  INFO base_page.py wait_eleVisible [ line:38 ] �ȴ�Ԫ�سɹ�:��¼ҳ_error_from_text����ʱ:0.0260009765625
 Fri, 25 Jan 2019 16:48:37  INFO base_page.py find_element [ line:46 ] ����Ԫ��:(��¼ҳ_error_from_text)
 Fri, 25 Jan 2019 16:48:37  INFO base_page.py get_eleText [ line:88 ] ��ȡԪ���ı�:(��¼ҳ_error_from_text)
 Fri, 25 Jan 2019 16:48:37  INFO test_00_login_v2.py test_login_error_form [ line:44 ] ����ͨ��
 Fri, 25 Jan 2019 16:48:37  INFO test_00_login_v2.py test_login_error_form [ line:53 ] excel��д�ز��Խ��
 Fri, 25 Jan 2019 16:48:37  INFO conftest.py init_loginPage [ line:44 ] ����ִ�����
</system-err></testcase><testcase classname="Test_Case.test_00_login_v2.TestLogin" file="Test_Case\test_00_login_v2.py" line="34" name="test_login_error_form[data1]" time="0.5470321178436279"><system-err> Fri, 25 Jan 2019 16:48:37  INFO conftest.py init_loginPage [ line:41 ] ִ�в�������,����ǰ�̴���¼ҳ��
 Fri, 25 Jan 2019 16:48:37  INFO test_00_login_v2.py test_login_error_form [ line:39 ] ��������_��¼����_{&apos;pwd&apos;: &apos;&apos;, &apos;username&apos;: &apos;18684720553&apos;, &apos;check&apos;: &apos;����������&apos;}
 Fri, 25 Jan 2019 16:48:37  INFO base_page.py wait_eleVisible [ line:33 ] �ȴ�Ԫ��:(��¼ҳ_login)
 Fri, 25 Jan 2019 16:48:37  INFO base_page.py wait_eleVisible [ line:38 ] �ȴ�Ԫ�سɹ�:��¼ҳ_login����ʱ:0.019001007080078125
 Fri, 25 Jan 2019 16:48:37  INFO base_page.py find_element [ line:46 ] ����Ԫ��:(��¼ҳ_login)
 Fri, 25 Jan 2019 16:48:37  INFO base_page.py clear_input_text [ line:66 ] ���������ı�:(��¼ҳ_login)
 Fri, 25 Jan 2019 16:48:38  INFO base_page.py clear_input_text [ line:69 ] ��������ɹ�:(��¼ҳ_login)
 Fri, 25 Jan 2019 16:48:38  INFO base_page.py find_element [ line:46 ] ����Ԫ��:(��¼ҳ_login)
 Fri, 25 Jan 2019 16:48:38  INFO base_page.py send_keys [ line:77 ] ��¼ҳ_login_�����ı�:18684720553
 Fri, 25 Jan 2019 16:48:38  INFO base_page.py send_keys [ line:80 ] ��¼ҳ_login_�����ı��ɹ�:18684720553
 Fri, 25 Jan 2019 16:48:38  INFO base_page.py wait_eleVisible [ line:33 ] �ȴ�Ԫ��:(��¼ҳ_login)
 Fri, 25 Jan 2019 16:48:38  INFO base_page.py wait_eleVisible [ line:38 ] �ȴ�Ԫ�سɹ�:��¼ҳ_login����ʱ:0.018001079559326172
 Fri, 25 Jan 2019 16:48:38  INFO base_page.py find_element [ line:46 ] ����Ԫ��:(��¼ҳ_login)
 Fri, 25 Jan 2019 16:48:38  INFO base_page.py clear_input_text [ line:66 ] ���������ı�:(��¼ҳ_login)
 Fri, 25 Jan 2019 16:48:38  INFO base_page.py clear_input_text [ line:69 ] ��������ɹ�:(��¼ҳ_login)
 Fri, 25 Jan 2019 16:48:38  INFO base_page.py find_element [ line:46 ] ����Ԫ��:(��¼ҳ_login)
 Fri, 25 Jan 2019 16:48:38  INFO base_page.py send_keys [ line:77 ] ��¼ҳ_login_�����ı�:
 Fri, 25 Jan 2019 16:48:38  INFO base_page.py send_keys [ line:80 ] ��¼ҳ_login_�����ı��ɹ�:
 Fri, 25 Jan 2019 16:48:38  INFO base_page.py click_element [ line:55 ] ���Ԫ��:(��¼ҳ_login)
 Fri, 25 Jan 2019 16:48:38  INFO base_page.py click_element [ line:58 ] ���Ԫ�سɹ�:(��¼ҳ_login)
 Fri, 25 Jan 2019 16:48:38  INFO base_page.py wait_eleVisible [ line:33 ] �ȴ�Ԫ��:(��¼ҳ_error_from_text)
 Fri, 25 Jan 2019 16:48:38  INFO base_page.py wait_eleVisible [ line:38 ] �ȴ�Ԫ�سɹ�:��¼ҳ_error_from_text����ʱ:0.021001100540161133
 Fri, 25 Jan 2019 16:48:38  INFO base_page.py find_element [ line:46 ] ����Ԫ��:(��¼ҳ_error_from_text)
 Fri, 25 Jan 2019 16:48:38  INFO base_page.py get_eleText [ line:88 ] ��ȡԪ���ı�:(��¼ҳ_error_from_text)
 Fri, 25 Jan 2019 16:48:38  INFO test_00_login_v2.py test_login_error_form [ line:44 ] ����ͨ��
 Fri, 25 Jan 2019 16:48:38  INFO test_00_login_v2.py test_login_error_form [ line:53 ] excel��д�ز��Խ��
 Fri, 25 Jan 2019 16:48:38  INFO conftest.py init_loginPage [ line:44 ] ����ִ�����
</system-err></testcase><testcase classname="Test_Case.test_00_login_v2.TestLogin" file="Test_Case\test_00_login_v2.py" line="34" name="test_login_error_form[data2]" time="0.5140290260314941"><system-err> Fri, 25 Jan 2019 16:48:38  INFO conftest.py init_loginPage [ line:41 ] ִ�в�������,����ǰ�̴���¼ҳ��
 Fri, 25 Jan 2019 16:48:38  INFO test_00_login_v2.py test_login_error_form [ line:39 ] ��������_��¼����_{&apos;pwd&apos;: &apos;&apos;, &apos;username&apos;: &apos;&apos;, &apos;check&apos;: &apos;�������ֻ���&apos;}
 Fri, 25 Jan 2019 16:48:38  INFO base_page.py wait_eleVisible [ line:33 ] �ȴ�Ԫ��:(��¼ҳ_login)
 Fri, 25 Jan 2019 16:48:38  INFO base_page.py wait_eleVisible [ line:38 ] �ȴ�Ԫ�سɹ�:��¼ҳ_login����ʱ:0.02100205421447754
 Fri, 25 Jan 2019 16:48:38  INFO base_page.py find_element [ line:46 ] ����Ԫ��:(��¼ҳ_login)
 Fri, 25 Jan 2019 16:48:38  INFO base_page.py clear_input_text [ line:66 ] ���������ı�:(��¼ҳ_login)
 Fri, 25 Jan 2019 16:48:38  INFO base_page.py clear_input_text [ line:69 ] ��������ɹ�:(��¼ҳ_login)
 Fri, 25 Jan 2019 16:48:38  INFO base_page.py find_element [ line:46 ] ����Ԫ��:(��¼ҳ_login)
 Fri, 25 Jan 2019 16:48:38  INFO base_page.py send_keys [ line:77 ] ��¼ҳ_login_�����ı�:
 Fri, 25 Jan 2019 16:48:38  INFO base_page.py send_keys [ line:80 ] ��¼ҳ_login_�����ı��ɹ�:
 Fri, 25 Jan 2019 16:48:38  INFO base_page.py wait_eleVisible [ line:33 ] �ȴ�Ԫ��:(��¼ҳ_login)
 Fri, 25 Jan 2019 16:48:38  INFO base_page.py wait_eleVisible [ line:38 ] �ȴ�Ԫ�سɹ�:��¼ҳ_login����ʱ:0.02100086212158203
 Fri, 25 Jan 2019 16:48:38  INFO base_page.py find_element [ line:46 ] ����Ԫ��:(��¼ҳ_login)
 Fri, 25 Jan 2019 16:48:38  INFO base_page.py clear_input_text [ line:66 ] ���������ı�:(��¼ҳ_login)
 Fri, 25 Jan 2019 16:48:38  INFO base_page.py clear_input_text [ line:69 ] ��������ɹ�:(��¼ҳ_login)
 Fri, 25 Jan 2019 16:48:38  INFO base_page.py find_element [ line:46 ] ����Ԫ��:(��¼ҳ_login)
 Fri, 25 Jan 2019 16:48:38  INFO base_page.py send_keys [ line:77 ] ��¼ҳ_login_�����ı�:
 Fri, 25 Jan 2019 16:48:38  INFO base_page.py send_keys [ line:80 ] ��¼ҳ_login_�����ı��ɹ�:
 Fri, 25 Jan 2019 16:48:38  INFO base_page.py click_element [ line:55 ] ���Ԫ��:(��¼ҳ_login)
 Fri, 25 Jan 2019 16:48:38  INFO base_page.py click_element [ line:58 ] ���Ԫ�سɹ�:(��¼ҳ_login)
 Fri, 25 Jan 2019 16:48:38  INFO base_page.py wait_eleVisible [ line:33 ] �ȴ�Ԫ��:(��¼ҳ_error_from_text)
 Fri, 25 Jan 2019 16:48:38  INFO base_page.py wait_eleVisible [ line:38 ] �ȴ�Ԫ�سɹ�:��¼ҳ_error_from_text����ʱ:0.022001028060913086
 Fri, 25 Jan 2019 16:48:38  INFO base_page.py find_element [ line:46 ] ����Ԫ��:(��¼ҳ_error_from_text)
 Fri, 25 Jan 2019 16:48:38  INFO base_page.py get_eleText [ line:88 ] ��ȡԪ���ı�:(��¼ҳ_error_from_text)
 Fri, 25 Jan 2019 16:48:38  INFO test_00_login_v2.py test_login_error_form [ line:44 ] ����ͨ��
 Fri, 25 Jan 2019 16:48:38  INFO test_00_login_v2.py test_login_error_form [ line:53 ] excel��д�ز��Խ��
 Fri, 25 Jan 2019 16:48:38  INFO conftest.py init_loginPage [ line:44 ] ����ִ�����
</system-err></testcase><testcase classname="Test_Case.test_00_login_v2.TestLogin" file="Test_Case\test_00_login_v2.py" line="34" name="test_login_error_form[data3]" time="0.5520322322845459"><system-err> Fri, 25 Jan 2019 16:48:38  INFO conftest.py init_loginPage [ line:41 ] ִ�в�������,����ǰ�̴���¼ҳ��
 Fri, 25 Jan 2019 16:48:39  INFO test_00_login_v2.py test_login_error_form [ line:39 ] ��������_��¼����_{&apos;pwd&apos;: &apos;python&apos;, &apos;username&apos;: &apos;1868472055&apos;, &apos;check&apos;: &apos;��������ȷ���ֻ���&apos;}
 Fri, 25 Jan 2019 16:48:39  INFO base_page.py wait_eleVisible [ line:33 ] �ȴ�Ԫ��:(��¼ҳ_login)
 Fri, 25 Jan 2019 16:48:39  INFO base_page.py wait_eleVisible [ line:38 ] �ȴ�Ԫ�سɹ�:��¼ҳ_login����ʱ:0.019001007080078125
 Fri, 25 Jan 2019 16:48:39  INFO base_page.py find_element [ line:46 ] ����Ԫ��:(��¼ҳ_login)
 Fri, 25 Jan 2019 16:48:39  INFO base_page.py clear_input_text [ line:66 ] ���������ı�:(��¼ҳ_login)
 Fri, 25 Jan 2019 16:48:39  INFO base_page.py clear_input_text [ line:69 ] ��������ɹ�:(��¼ҳ_login)
 Fri, 25 Jan 2019 16:48:39  INFO base_page.py find_element [ line:46 ] ����Ԫ��:(��¼ҳ_login)
 Fri, 25 Jan 2019 16:48:39  INFO base_page.py send_keys [ line:77 ] ��¼ҳ_login_�����ı�:1868472055
 Fri, 25 Jan 2019 16:48:39  INFO base_page.py send_keys [ line:80 ] ��¼ҳ_login_�����ı��ɹ�:1868472055
 Fri, 25 Jan 2019 16:48:39  INFO base_page.py wait_eleVisible [ line:33 ] �ȴ�Ԫ��:(��¼ҳ_login)
 Fri, 25 Jan 2019 16:48:39  INFO base_page.py wait_eleVisible [ line:38 ] �ȴ�Ԫ�سɹ�:��¼ҳ_login����ʱ:0.018001079559326172
 Fri, 25 Jan 2019 16:48:39  INFO base_page.py find_element [ line:46 ] ����Ԫ��:(��¼ҳ_login)
 Fri, 25 Jan 2019 16:48:39  INFO base_page.py clear_input_text [ line:66 ] ���������ı�:(��¼ҳ_login)
 Fri, 25 Jan 2019 16:48:39  INFO base_page.py clear_input_text [ line:69 ] ��������ɹ�:(��¼ҳ_login)
 Fri, 25 Jan 2019 16:48:39  INFO base_page.py find_element [ line:46 ] ����Ԫ��:(��¼ҳ_login)
 Fri, 25 Jan 2019 16:48:39  INFO base_page.py send_keys [ line:77 ] ��¼ҳ_login_�����ı�:python
 Fri, 25 Jan 2019 16:48:39  INFO base_page.py send_keys [ line:80 ] ��¼ҳ_login_�����ı��ɹ�:python
 Fri, 25 Jan 2019 16:48:39  INFO base_page.py click_element [ line:55 ] ���Ԫ��:(��¼ҳ_login)
 Fri, 25 Jan 2019 16:48:39  INFO base_page.py click_element [ line:58 ] ���Ԫ�سɹ�:(��¼ҳ_login)
 Fri, 25 Jan 2019 16:48:39  INFO base_page.py wait_eleVisible [ line:33 ] �ȴ�Ԫ��:(��¼ҳ_error_from_text)
 Fri, 25 Jan 2019 16:48:39  INFO base_page.py wait_eleVisible [ line:38 ] �ȴ�Ԫ�سɹ�:��¼ҳ_error_from_text����ʱ:0.021001100540161133
 Fri, 25 Jan 2019 16:48:39  INFO base_page.py find_element [ line:46 ] ����Ԫ��:(��¼ҳ_error_from_text)
 Fri, 25 Jan 2019 16:48:39  INFO base_page.py get_eleText [ line:88 ] ��ȡԪ���ı�:(��¼ҳ_error_from_text)
 Fri, 25 Jan 2019 16:48:39  INFO test_00_login_v2.py test_login_error_form [ line:44 ] ����ͨ��
 Fri, 25 Jan 2019 16:48:39  INFO test_00_login_v2.py test_login_error_form [ line:53 ] excel��д�ز��Խ��
 Fri, 25 Jan 2019 16:48:39  INFO conftest.py init_loginPage [ line:44 ] ����ִ�����
</system-err></testcase><testcase classname="Test_Case.test_00_login_v2.TestLogin" file="Test_Case\test_00_login_v2.py" line="34" name="test_login_error_form[data4]" time="0.5540311336517334"><system-err> Fri, 25 Jan 2019 16:48:39  INFO conftest.py init_loginPage [ line:41 ] ִ�в�������,����ǰ�̴���¼ҳ��
 Fri, 25 Jan 2019 16:48:39  INFO test_00_login_v2.py test_login_error_form [ line:39 ] ��������_��¼����_{&apos;pwd&apos;: &apos;python&apos;, &apos;username&apos;: &apos;186847205533&apos;, &apos;check&apos;: &apos;��������ȷ���ֻ���&apos;}
 Fri, 25 Jan 2019 16:48:39  INFO base_page.py wait_eleVisible [ line:33 ] �ȴ�Ԫ��:(��¼ҳ_login)
 Fri, 25 Jan 2019 16:48:39  INFO base_page.py wait_eleVisible [ line:38 ] �ȴ�Ԫ�سɹ�:��¼ҳ_login����ʱ:0.021001100540161133
 Fri, 25 Jan 2019 16:48:39  INFO base_page.py find_element [ line:46 ] ����Ԫ��:(��¼ҳ_login)
 Fri, 25 Jan 2019 16:48:39  INFO base_page.py clear_input_text [ line:66 ] ���������ı�:(��¼ҳ_login)
 Fri, 25 Jan 2019 16:48:39  INFO base_page.py clear_input_text [ line:69 ] ��������ɹ�:(��¼ҳ_login)
 Fri, 25 Jan 2019 16:48:39  INFO base_page.py find_element [ line:46 ] ����Ԫ��:(��¼ҳ_login)
 Fri, 25 Jan 2019 16:48:39  INFO base_page.py send_keys [ line:77 ] ��¼ҳ_login_�����ı�:186847205533
 Fri, 25 Jan 2019 16:48:39  INFO base_page.py send_keys [ line:80 ] ��¼ҳ_login_�����ı��ɹ�:186847205533
 Fri, 25 Jan 2019 16:48:39  INFO base_page.py wait_eleVisible [ line:33 ] �ȴ�Ԫ��:(��¼ҳ_login)
 Fri, 25 Jan 2019 16:48:39  INFO base_page.py wait_eleVisible [ line:38 ] �ȴ�Ԫ�سɹ�:��¼ҳ_login����ʱ:0.021001100540161133
 Fri, 25 Jan 2019 16:48:39  INFO base_page.py find_element [ line:46 ] ����Ԫ��:(��¼ҳ_login)
 Fri, 25 Jan 2019 16:48:39  INFO base_page.py clear_input_text [ line:66 ] ���������ı�:(��¼ҳ_login)
 Fri, 25 Jan 2019 16:48:39  INFO base_page.py clear_input_text [ line:69 ] ��������ɹ�:(��¼ҳ_login)
 Fri, 25 Jan 2019 16:48:39  INFO base_page.py find_element [ line:46 ] ����Ԫ��:(��¼ҳ_login)
 Fri, 25 Jan 2019 16:48:39  INFO base_page.py send_keys [ line:77 ] ��¼ҳ_login_�����ı�:python
 Fri, 25 Jan 2019 16:48:39  INFO base_page.py send_keys [ line:80 ] ��¼ҳ_login_�����ı��ɹ�:python
 Fri, 25 Jan 2019 16:48:39  INFO base_page.py click_element [ line:55 ] ���Ԫ��:(��¼ҳ_login)
 Fri, 25 Jan 2019 16:48:39  INFO base_page.py click_element [ line:58 ] ���Ԫ�سɹ�:(��¼ҳ_login)
 Fri, 25 Jan 2019 16:48:39  INFO base_page.py wait_eleVisible [ line:33 ] �ȴ�Ԫ��:(��¼ҳ_error_from_text)
 Fri, 25 Jan 2019 16:48:39  INFO base_page.py wait_eleVisible [ line:38 ] �ȴ�Ԫ�سɹ�:��¼ҳ_error_from_text����ʱ:0.022001028060913086
 Fri, 25 Jan 2019 16:48:39  INFO base_page.py find_element [ line:46 ] ����Ԫ��:(��¼ҳ_error_from_text)
 Fri, 25 Jan 2019 16:48:39  INFO base_page.py get_eleText [ line:88 ] ��ȡԪ���ı�:(��¼ҳ_error_from_text)
 Fri, 25 Jan 2019 16:48:39  INFO test_00_login_v2.py test_login_error_form [ line:44 ] ����ͨ��
 Fri, 25 Jan 2019 16:48:39  INFO test_00_login_v2.py test_login_error_form [ line:53 ] excel��д�ز��Խ��
 Fri, 25 Jan 2019 16:48:39  INFO conftest.py init_loginPage [ line:44 ] ����ִ�����
</system-err></testcase><testcase classname="Test_Case.test_00_login_v2.TestLogin" file="Test_Case\test_00_login_v2.py" line="54" name="test_login_error_pageCenter[data0]" time="1.2810728549957275"><system-err> Fri, 25 Jan 2019 16:48:39  INFO conftest.py init_loginPage [ line:41 ] ִ�в�������,����ǰ�̴���¼ҳ��
 Fri, 25 Jan 2019 16:48:40  INFO test_00_login_v2.py test_login_error_pageCenter [ line:59 ] totast��������_��¼����_{&apos;pwd&apos;: &apos;python&apos;, &apos;username&apos;: &apos;15731116810&apos;, &apos;check&apos;: &apos;���˺�û�о�����Ȩ������ϵ����Ա!&apos;}
 Fri, 25 Jan 2019 16:48:40  INFO base_page.py wait_eleVisible [ line:33 ] �ȴ�Ԫ��:(��¼ҳ_login)
 Fri, 25 Jan 2019 16:48:40  INFO base_page.py wait_eleVisible [ line:38 ] �ȴ�Ԫ�سɹ�:��¼ҳ_login����ʱ:0.03800201416015625
 Fri, 25 Jan 2019 16:48:40  INFO base_page.py find_element [ line:46 ] ����Ԫ��:(��¼ҳ_login)
 Fri, 25 Jan 2019 16:48:40  INFO base_page.py clear_input_text [ line:66 ] ���������ı�:(��¼ҳ_login)
 Fri, 25 Jan 2019 16:48:40  INFO base_page.py clear_input_text [ line:69 ] ��������ɹ�:(��¼ҳ_login)
 Fri, 25 Jan 2019 16:48:40  INFO base_page.py find_element [ line:46 ] ����Ԫ��:(��¼ҳ_login)
 Fri, 25 Jan 2019 16:48:40  INFO base_page.py send_keys [ line:77 ] ��¼ҳ_login_�����ı�:15731116810
 Fri, 25 Jan 2019 16:48:40  INFO base_page.py send_keys [ line:80 ] ��¼ҳ_login_�����ı��ɹ�:15731116810
 Fri, 25 Jan 2019 16:48:40  INFO base_page.py wait_eleVisible [ line:33 ] �ȴ�Ԫ��:(��¼ҳ_login)
 Fri, 25 Jan 2019 16:48:40  INFO base_page.py wait_eleVisible [ line:38 ] �ȴ�Ԫ�سɹ�:��¼ҳ_login����ʱ:0.01800084114074707
 Fri, 25 Jan 2019 16:48:40  INFO base_page.py find_element [ line:46 ] ����Ԫ��:(��¼ҳ_login)
 Fri, 25 Jan 2019 16:48:40  INFO base_page.py clear_input_text [ line:66 ] ���������ı�:(��¼ҳ_login)
 Fri, 25 Jan 2019 16:48:40  INFO base_page.py clear_input_text [ line:69 ] ��������ɹ�:(��¼ҳ_login)
 Fri, 25 Jan 2019 16:48:40  INFO base_page.py find_element [ line:46 ] ����Ԫ��:(��¼ҳ_login)
 Fri, 25 Jan 2019 16:48:40  INFO base_page.py send_keys [ line:77 ] ��¼ҳ_login_�����ı�:python
 Fri, 25 Jan 2019 16:48:40  INFO base_page.py send_keys [ line:80 ] ��¼ҳ_login_�����ı��ɹ�:python
 Fri, 25 Jan 2019 16:48:40  INFO base_page.py click_element [ line:55 ] ���Ԫ��:(��¼ҳ_login)
 Fri, 25 Jan 2019 16:48:40  INFO base_page.py click_element [ line:58 ] ���Ԫ�سɹ�:(��¼ҳ_login)
 Fri, 25 Jan 2019 16:48:40  INFO base_page.py wait_eleVisible [ line:33 ] �ȴ�Ԫ��:(��¼ҳ_error_pageCenter_text)
 Fri, 25 Jan 2019 16:48:41  INFO base_page.py wait_eleVisible [ line:38 ] �ȴ�Ԫ�سɹ�:��¼ҳ_error_pageCenter_text����ʱ:0.5610320568084717
 Fri, 25 Jan 2019 16:48:41  INFO base_page.py find_element [ line:46 ] ����Ԫ��:(��¼ҳ_error_pageCenter_text)
 Fri, 25 Jan 2019 16:48:41  INFO base_page.py get_eleText [ line:88 ] ��ȡԪ���ı�:(��¼ҳ_error_pageCenter_text)
 Fri, 25 Jan 2019 16:48:41  INFO test_00_login_v2.py test_login_error_pageCenter [ line:64 ] ����ͨ��
 Fri, 25 Jan 2019 16:48:41  INFO test_00_login_v2.py test_login_error_pageCenter [ line:73 ] excel��д�ز��Խ��
 Fri, 25 Jan 2019 16:48:41  INFO conftest.py init_loginPage [ line:44 ] ����ִ�����
</system-err></testcase><testcase classname="Test_Case.test_00_login_v2.TestLogin" file="Test_Case\test_00_login_v2.py" line="54" name="test_login_error_pageCenter[data1]" time="1.0550601482391357"><system-err> Fri, 25 Jan 2019 16:48:41  INFO conftest.py init_loginPage [ line:41 ] ִ�в�������,����ǰ�̴���¼ҳ��
 Fri, 25 Jan 2019 16:48:41  INFO test_00_login_v2.py test_login_error_pageCenter [ line:59 ] totast��������_��¼����_{&apos;pwd&apos;: &apos;123456&apos;, &apos;username&apos;: &apos;18684720553&apos;, &apos;check&apos;: &apos;�ʺŻ��������!&apos;}
 Fri, 25 Jan 2019 16:48:41  INFO base_page.py wait_eleVisible [ line:33 ] �ȴ�Ԫ��:(��¼ҳ_login)
 Fri, 25 Jan 2019 16:48:41  INFO base_page.py wait_eleVisible [ line:38 ] �ȴ�Ԫ�سɹ�:��¼ҳ_login����ʱ:0.02000117301940918
 Fri, 25 Jan 2019 16:48:41  INFO base_page.py find_element [ line:46 ] ����Ԫ��:(��¼ҳ_login)
 Fri, 25 Jan 2019 16:48:41  INFO base_page.py clear_input_text [ line:66 ] ���������ı�:(��¼ҳ_login)
 Fri, 25 Jan 2019 16:48:41  INFO base_page.py clear_input_text [ line:69 ] ��������ɹ�:(��¼ҳ_login)
 Fri, 25 Jan 2019 16:48:41  INFO base_page.py find_element [ line:46 ] ����Ԫ��:(��¼ҳ_login)
 Fri, 25 Jan 2019 16:48:41  INFO base_page.py send_keys [ line:77 ] ��¼ҳ_login_�����ı�:18684720553
 Fri, 25 Jan 2019 16:48:41  INFO base_page.py send_keys [ line:80 ] ��¼ҳ_login_�����ı��ɹ�:18684720553
 Fri, 25 Jan 2019 16:48:41  INFO base_page.py wait_eleVisible [ line:33 ] �ȴ�Ԫ��:(��¼ҳ_login)
 Fri, 25 Jan 2019 16:48:41  INFO base_page.py wait_eleVisible [ line:38 ] �ȴ�Ԫ�سɹ�:��¼ҳ_login����ʱ:0.018001079559326172
 Fri, 25 Jan 2019 16:48:41  INFO base_page.py find_element [ line:46 ] ����Ԫ��:(��¼ҳ_login)
 Fri, 25 Jan 2019 16:48:41  INFO base_page.py clear_input_text [ line:66 ] ���������ı�:(��¼ҳ_login)
 Fri, 25 Jan 2019 16:48:41  INFO base_page.py clear_input_text [ line:69 ] ��������ɹ�:(��¼ҳ_login)
 Fri, 25 Jan 2019 16:48:41  INFO base_page.py find_element [ line:46 ] ����Ԫ��:(��¼ҳ_login)
 Fri, 25 Jan 2019 16:48:41  INFO base_page.py send_keys [ line:77 ] ��¼ҳ_login_�����ı�:123456
 Fri, 25 Jan 2019 16:48:41  INFO base_page.py send_keys [ line:80 ] ��¼ҳ_login_�����ı��ɹ�:123456
 Fri, 25 Jan 2019 16:48:41  INFO base_page.py click_element [ line:55 ] ���Ԫ��:(��¼ҳ_login)
 Fri, 25 Jan 2019 16:48:41  INFO base_page.py click_element [ line:58 ] ���Ԫ�سɹ�:(��¼ҳ_login)
 Fri, 25 Jan 2019 16:48:41  INFO base_page.py wait_eleVisible [ line:33 ] �ȴ�Ԫ��:(��¼ҳ_error_pageCenter_text)
 Fri, 25 Jan 2019 16:48:42  INFO base_page.py wait_eleVisible [ line:38 ] �ȴ�Ԫ�سɹ�:��¼ҳ_error_pageCenter_text����ʱ:0.5290310382843018
 Fri, 25 Jan 2019 16:48:42  INFO base_page.py find_element [ line:46 ] ����Ԫ��:(��¼ҳ_error_pageCenter_text)
 Fri, 25 Jan 2019 16:48:42  INFO base_page.py get_eleText [ line:88 ] ��ȡԪ���ı�:(��¼ҳ_error_pageCenter_text)
 Fri, 25 Jan 2019 16:48:42  INFO test_00_login_v2.py test_login_error_pageCenter [ line:64 ] ����ͨ��
 Fri, 25 Jan 2019 16:48:42  INFO test_00_login_v2.py test_login_error_pageCenter [ line:73 ] excel��д�ز��Խ��
 Fri, 25 Jan 2019 16:48:42  INFO conftest.py init_loginPage [ line:44 ] ����ִ�����
</system-err></testcase><testcase classname="Test_Case.test_00_login_v2.TestLogin" file="Test_Case\test_00_login_v2.py" line="74" name="test_login_success" time="23.96237087249756"><system-err> Fri, 25 Jan 2019 16:48:42  INFO conftest.py init_loginPage [ line:41 ] ִ�в�������,����ǰ�̴���¼ҳ��
 Fri, 25 Jan 2019 16:48:42  INFO test_00_login_v2.py test_login_success [ line:80 ] ������¼����_{&apos;pwd&apos;: &apos;python&apos;, &apos;username&apos;: &apos;18684720553&apos;}
 Fri, 25 Jan 2019 16:48:42  INFO base_page.py wait_eleVisible [ line:33 ] �ȴ�Ԫ��:(��¼ҳ_login)
 Fri, 25 Jan 2019 16:48:42  INFO base_page.py wait_eleVisible [ line:38 ] �ȴ�Ԫ�سɹ�:��¼ҳ_login����ʱ:0.021001100540161133
 Fri, 25 Jan 2019 16:48:42  INFO base_page.py find_element [ line:46 ] ����Ԫ��:(��¼ҳ_login)
 Fri, 25 Jan 2019 16:48:42  INFO base_page.py clear_input_text [ line:66 ] ���������ı�:(��¼ҳ_login)
 Fri, 25 Jan 2019 16:48:42  INFO base_page.py clear_input_text [ line:69 ] ��������ɹ�:(��¼ҳ_login)
 Fri, 25 Jan 2019 16:48:42  INFO base_page.py find_element [ line:46 ] ����Ԫ��:(��¼ҳ_login)
 Fri, 25 Jan 2019 16:48:42  INFO base_page.py send_keys [ line:77 ] ��¼ҳ_login_�����ı�:18684720553
 Fri, 25 Jan 2019 16:48:42  INFO base_page.py send_keys [ line:80 ] ��¼ҳ_login_�����ı��ɹ�:18684720553
 Fri, 25 Jan 2019 16:48:42  INFO base_page.py wait_eleVisible [ line:33 ] �ȴ�Ԫ��:(��¼ҳ_login)
 Fri, 25 Jan 2019 16:48:42  INFO base_page.py wait_eleVisible [ line:38 ] �ȴ�Ԫ�سɹ�:��¼ҳ_login����ʱ:0.019001007080078125
 Fri, 25 Jan 2019 16:48:42  INFO base_page.py find_element [ line:46 ] ����Ԫ��:(��¼ҳ_login)
 Fri, 25 Jan 2019 16:48:42  INFO base_page.py clear_input_text [ line:66 ] ���������ı�:(��¼ҳ_login)
 Fri, 25 Jan 2019 16:48:42  INFO base_page.py clear_input_text [ line:69 ] ��������ɹ�:(��¼ҳ_login)
 Fri, 25 Jan 2019 16:48:42  INFO base_page.py find_element [ line:46 ] ����Ԫ��:(��¼ҳ_login)
 Fri, 25 Jan 2019 16:48:42  INFO base_page.py send_keys [ line:77 ] ��¼ҳ_login_�����ı�:python
 Fri, 25 Jan 2019 16:48:42  INFO base_page.py send_keys [ line:80 ] ��¼ҳ_login_�����ı��ɹ�:python
 Fri, 25 Jan 2019 16:48:42  INFO base_page.py click_element [ line:55 ] ���Ԫ��:(��¼ҳ_login)
 Fri, 25 Jan 2019 16:48:42  INFO base_page.py click_element [ line:58 ] ���Ԫ�سɹ�:(��¼ҳ_login)
 Fri, 25 Jan 2019 16:48:42  INFO base_page.py wait_eleVisible [ line:33 ] �ȴ�Ԫ��:(��ҳ_member_is_exist)
 Fri, 25 Jan 2019 16:49:04  INFO base_page.py wait_eleVisible [ line:38 ] �ȴ�Ԫ�سɹ�:��ҳ_member_is_exist����ʱ:21.389223098754883
 Fri, 25 Jan 2019 16:49:04  INFO test_00_login_v2.py test_login_success [ line:85 ] ����ͨ��
 Fri, 25 Jan 2019 16:49:04  INFO test_00_login_v2.py test_login_success [ line:94 ] excel��д�ز��Խ��
 Fri, 25 Jan 2019 16:49:04  INFO conftest.py init_loginPage [ line:44 ] ����ִ�����
 Fri, 25 Jan 2019 16:49:04  INFO conftest.py init_driver [ line:35 ] �ر�chrome�����
 Fri, 25 Jan 2019 16:49:06  INFO conftest.py init_module [ line:25 ] module����fixture------����------
 Fri, 25 Jan 2019 16:49:06  INFO conftest.py init_session [ line:19 ] session����fixture------����------
</system-err></testcase></testsuite>